<?xml version="1.0" encoding="UTF-8"?>
<!-- Generated by org.testng.reporters.JUnitReportReporter -->
<testsuite hostname="VIJDA01-7470" name="Mygrp.vijtest.AppTest" tests="1" failures="0" timestamp="2 Sep 2019 04:14:46 GMT" time="6.545" errors="0">
  <testcase name="a" time="6.545" classname="Mygrp.vijtest.AppTest"/>
</testsuite> <!-- Mygrp.vijtest.AppTest -->
