<?xml version="1.0" encoding="UTF-8"?>
<testsuite xmlns:xsi="http://www.w3.org/2001/XMLSchema-instance" xsi:noNamespaceSchemaLocation="https://maven.apache.org/surefire/maven-surefire-plugin/xsd/surefire-test-report.xsd" name="TestSuite" time="7.28" tests="1" errors="0" skipped="0" failures="0">
  <properties>
    <property name="sun.desktop" value="windows"/>
    <property name="awt.toolkit" value="sun.awt.windows.WToolkit"/>
    <property name="file.encoding.pkg" value="sun.io"/>
    <property name="java.specification.version" value="1.8"/>
    <property name="sun.cpu.isalist" value="amd64"/>
    <property name="sun.jnu.encoding" value="Cp1252"/>
    <property name="java.class.path" value="C:\Users\VIJDA01\eclipse-workspace\vijtest\target\test-classes;C:\Users\VIJDA01\eclipse-workspace\vijtest\target\classes;C:\Users\VIJDA01\.m2\repository\org\seleniumhq\selenium\selenium-java\2.53.0\selenium-java-2.53.0.jar;C:\Users\VIJDA01\.m2\repository\org\seleniumhq\selenium\selenium-chrome-driver\2.53.0\selenium-chrome-driver-2.53.0.jar;C:\Users\VIJDA01\.m2\repository\org\seleniumhq\selenium\selenium-remote-driver\2.53.0\selenium-remote-driver-2.53.0.jar;C:\Users\VIJDA01\.m2\repository\cglib\cglib-nodep\2.1_3\cglib-nodep-2.1_3.jar;C:\Users\VIJDA01\.m2\repository\com\google\code\gson\gson\2.3.1\gson-2.3.1.jar;C:\Users\VIJDA01\.m2\repository\org\seleniumhq\selenium\selenium-api\2.53.0\selenium-api-2.53.0.jar;C:\Users\VIJDA01\.m2\repository\org\apache\httpcomponents\httpclient\4.5.1\httpclient-4.5.1.jar;C:\Users\VIJDA01\.m2\repository\org\apache\httpcomponents\httpcore\4.4.3\httpcore-4.4.3.jar;C:\Users\VIJDA01\.m2\repository\commons-logging\commons-logging\1.2\commons-logging-1.2.jar;C:\Users\VIJDA01\.m2\repository\commons-codec\commons-codec\1.9\commons-codec-1.9.jar;C:\Users\VIJDA01\.m2\repository\com\google\guava\guava\19.0\guava-19.0.jar;C:\Users\VIJDA01\.m2\repository\org\seleniumhq\selenium\selenium-edge-driver\2.53.0\selenium-edge-driver-2.53.0.jar;C:\Users\VIJDA01\.m2\repository\commons-io\commons-io\2.4\commons-io-2.4.jar;C:\Users\VIJDA01\.m2\repository\org\apache\commons\commons-exec\1.3\commons-exec-1.3.jar;C:\Users\VIJDA01\.m2\repository\org\seleniumhq\selenium\selenium-firefox-driver\2.53.0\selenium-firefox-driver-2.53.0.jar;C:\Users\VIJDA01\.m2\repository\org\seleniumhq\selenium\selenium-ie-driver\2.53.0\selenium-ie-driver-2.53.0.jar;C:\Users\VIJDA01\.m2\repository\net\java\dev\jna\jna\4.1.0\jna-4.1.0.jar;C:\Users\VIJDA01\.m2\repository\net\java\dev\jna\jna-platform\4.1.0\jna-platform-4.1.0.jar;C:\Users\VIJDA01\.m2\repository\org\seleniumhq\selenium\selenium-safari-driver\2.53.0\selenium-safari-driver-2.53.0.jar;C:\Users\VIJDA01\.m2\repository\io\netty\netty\3.5.7.Final\netty-3.5.7.Final.jar;C:\Users\VIJDA01\.m2\repository\org\seleniumhq\selenium\selenium-support\2.53.0\selenium-support-2.53.0.jar;C:\Users\VIJDA01\.m2\repository\org\seleniumhq\selenium\selenium-leg-rc\2.53.0\selenium-leg-rc-2.53.0.jar;C:\Users\VIJDA01\.m2\repository\org\testng\testng\6.9.9\testng-6.9.9.jar;C:\Users\VIJDA01\.m2\repository\junit\junit\4.10\junit-4.10.jar;C:\Users\VIJDA01\.m2\repository\org\hamcrest\hamcrest-core\1.1\hamcrest-core-1.1.jar;C:\Users\VIJDA01\.m2\repository\com\beust\jcommander\1.48\jcommander-1.48.jar;C:\Users\VIJDA01\.m2\repository\org\apache\ant\ant\1.7.0\ant-1.7.0.jar;C:\Users\VIJDA01\.m2\repository\org\apache\ant\ant-launcher\1.7.0\ant-launcher-1.7.0.jar;C:\Users\VIJDA01\.m2\repository\org\yaml\snakeyaml\1.15\snakeyaml-1.15.jar;C:\Users\VIJDA01\.m2\repository\org\beanshell\bsh\2.0b4\bsh-2.0b4.jar;C:\Users\VIJDA01\.m2\repository\org\apache\maven\surefire\surefire-testng-utils\2.20.1\surefire-testng-utils-2.20.1.jar;C:\Users\VIJDA01\.m2\repository\org\apache\maven\surefire\surefire-grouper\2.20.1\surefire-grouper-2.20.1.jar;"/>
    <property name="java.vm.vendor" value="Oracle Corporation"/>
    <property name="sun.arch.data.model" value="64"/>
    <property name="user.variant" value=""/>
    <property name="java.vendor.url" value="http://java.oracle.com/"/>
    <property name="user.timezone" value=""/>
    <property name="java.vm.specification.version" value="1.8"/>
    <property name="os.name" value="Windows 7"/>
    <property name="user.country" value="US"/>
    <property name="sun.java.launcher" value="SUN_STANDARD"/>
    <property name="sun.boot.library.path" value="C:\Program Files\Java\jdk1.8.0_74\jre\bin"/>
    <property name="sun.java.command" value="C:\Users\VIJDA01\AppData\Local\Temp\surefire805234790539257733\surefirebooter7430369503708566603.jar C:\Users\VIJDA01\AppData\Local\Temp\surefire805234790539257733 2019-09-02T09-44-35_435-jvmRun1 surefire7330416023184785632tmp surefire_04646791110472552732tmp"/>
    <property name="surefire.test.class.path" value="C:\Users\VIJDA01\eclipse-workspace\vijtest\target\test-classes;C:\Users\VIJDA01\eclipse-workspace\vijtest\target\classes;C:\Users\VIJDA01\.m2\repository\org\seleniumhq\selenium\selenium-java\2.53.0\selenium-java-2.53.0.jar;C:\Users\VIJDA01\.m2\repository\org\seleniumhq\selenium\selenium-chrome-driver\2.53.0\selenium-chrome-driver-2.53.0.jar;C:\Users\VIJDA01\.m2\repository\org\seleniumhq\selenium\selenium-remote-driver\2.53.0\selenium-remote-driver-2.53.0.jar;C:\Users\VIJDA01\.m2\repository\cglib\cglib-nodep\2.1_3\cglib-nodep-2.1_3.jar;C:\Users\VIJDA01\.m2\repository\com\google\code\gson\gson\2.3.1\gson-2.3.1.jar;C:\Users\VIJDA01\.m2\repository\org\seleniumhq\selenium\selenium-api\2.53.0\selenium-api-2.53.0.jar;C:\Users\VIJDA01\.m2\repository\org\apache\httpcomponents\httpclient\4.5.1\httpclient-4.5.1.jar;C:\Users\VIJDA01\.m2\repository\org\apache\httpcomponents\httpcore\4.4.3\httpcore-4.4.3.jar;C:\Users\VIJDA01\.m2\repository\commons-logging\commons-logging\1.2\commons-logging-1.2.jar;C:\Users\VIJDA01\.m2\repository\commons-codec\commons-codec\1.9\commons-codec-1.9.jar;C:\Users\VIJDA01\.m2\repository\com\google\guava\guava\19.0\guava-19.0.jar;C:\Users\VIJDA01\.m2\repository\org\seleniumhq\selenium\selenium-edge-driver\2.53.0\selenium-edge-driver-2.53.0.jar;C:\Users\VIJDA01\.m2\repository\commons-io\commons-io\2.4\commons-io-2.4.jar;C:\Users\VIJDA01\.m2\repository\org\apache\commons\commons-exec\1.3\commons-exec-1.3.jar;C:\Users\VIJDA01\.m2\repository\org\seleniumhq\selenium\selenium-firefox-driver\2.53.0\selenium-firefox-driver-2.53.0.jar;C:\Users\VIJDA01\.m2\repository\org\seleniumhq\selenium\selenium-ie-driver\2.53.0\selenium-ie-driver-2.53.0.jar;C:\Users\VIJDA01\.m2\repository\net\java\dev\jna\jna\4.1.0\jna-4.1.0.jar;C:\Users\VIJDA01\.m2\repository\net\java\dev\jna\jna-platform\4.1.0\jna-platform-4.1.0.jar;C:\Users\VIJDA01\.m2\repository\org\seleniumhq\selenium\selenium-safari-driver\2.53.0\selenium-safari-driver-2.53.0.jar;C:\Users\VIJDA01\.m2\repository\io\netty\netty\3.5.7.Final\netty-3.5.7.Final.jar;C:\Users\VIJDA01\.m2\repository\org\seleniumhq\selenium\selenium-support\2.53.0\selenium-support-2.53.0.jar;C:\Users\VIJDA01\.m2\repository\org\seleniumhq\selenium\selenium-leg-rc\2.53.0\selenium-leg-rc-2.53.0.jar;C:\Users\VIJDA01\.m2\repository\org\testng\testng\6.9.9\testng-6.9.9.jar;C:\Users\VIJDA01\.m2\repository\junit\junit\4.10\junit-4.10.jar;C:\Users\VIJDA01\.m2\repository\org\hamcrest\hamcrest-core\1.1\hamcrest-core-1.1.jar;C:\Users\VIJDA01\.m2\repository\com\beust\jcommander\1.48\jcommander-1.48.jar;C:\Users\VIJDA01\.m2\repository\org\apache\ant\ant\1.7.0\ant-1.7.0.jar;C:\Users\VIJDA01\.m2\repository\org\apache\ant\ant-launcher\1.7.0\ant-launcher-1.7.0.jar;C:\Users\VIJDA01\.m2\repository\org\yaml\snakeyaml\1.15\snakeyaml-1.15.jar;C:\Users\VIJDA01\.m2\repository\org\beanshell\bsh\2.0b4\bsh-2.0b4.jar;C:\Users\VIJDA01\.m2\repository\org\apache\maven\surefire\surefire-testng-utils\2.20.1\surefire-testng-utils-2.20.1.jar;C:\Users\VIJDA01\.m2\repository\org\apache\maven\surefire\surefire-grouper\2.20.1\surefire-grouper-2.20.1.jar;"/>
    <property name="sun.cpu.endian" value="little"/>
    <property name="user.home" value="C:\Users\VIJDA01"/>
    <property name="user.language" value="en"/>
    <property name="java.specification.vendor" value="Oracle Corporation"/>
    <property name="java.home" value="C:\Program Files\Java\jdk1.8.0_74\jre"/>
    <property name="basedir" value="C:\Users\VIJDA01\eclipse-workspace\vijtest"/>
    <property name="file.separator" value="\"/>
    <property name="line.separator" value="&#10;"/>
    <property name="java.vm.specification.vendor" value="Oracle Corporation"/>
    <property name="java.specification.name" value="Java Platform API Specification"/>
    <property name="java.awt.graphicsenv" value="sun.awt.Win32GraphicsEnvironment"/>
    <property name="surefire.real.class.path" value="C:\Users\VIJDA01\AppData\Local\Temp\surefire805234790539257733\surefirebooter7430369503708566603.jar"/>
    <property name="sun.boot.class.path" value="C:\Program Files\Java\jdk1.8.0_74\jre\lib\resources.jar;C:\Program Files\Java\jdk1.8.0_74\jre\lib\rt.jar;C:\Program Files\Java\jdk1.8.0_74\jre\lib\sunrsasign.jar;C:\Program Files\Java\jdk1.8.0_74\jre\lib\jsse.jar;C:\Program Files\Java\jdk1.8.0_74\jre\lib\jce.jar;C:\Program Files\Java\jdk1.8.0_74\jre\lib\charsets.jar;C:\Program Files\Java\jdk1.8.0_74\jre\lib\jfr.jar;C:\Program Files\Java\jdk1.8.0_74\jre\classes"/>
    <property name="user.script" value=""/>
    <property name="sun.management.compiler" value="HotSpot 64-Bit Tiered Compilers"/>
    <property name="java.runtime.version" value="1.8.0_74-b02"/>
    <property name="user.name" value="vijda01"/>
    <property name="path.separator" value=";"/>
    <property name="os.version" value="6.1"/>
    <property name="java.endorsed.dirs" value="C:\Program Files\Java\jdk1.8.0_74\jre\lib\endorsed"/>
    <property name="java.runtime.name" value="Java(TM) SE Runtime Environment"/>
    <property name="file.encoding" value="Cp1252"/>
    <property name="java.vm.name" value="Java HotSpot(TM) 64-Bit Server VM"/>
    <property name="localRepository" value="C:\Users\VIJDA01\.m2\repository"/>
    <property name="java.vendor.url.bug" value="http://bugreport.sun.com/bugreport/"/>
    <property name="java.io.tmpdir" value="C:\Users\VIJDA01\AppData\Local\Temp\"/>
    <property name="java.version" value="1.8.0_74"/>
    <property name="user.dir" value="C:\Users\VIJDA01\eclipse-workspace\vijtest"/>
    <property name="os.arch" value="amd64"/>
    <property name="java.vm.specification.name" value="Java Virtual Machine Specification"/>
    <property name="java.awt.printerjob" value="sun.awt.windows.WPrinterJob"/>
    <property name="sun.os.patch.level" value="Service Pack 1"/>
    <property name="java.library.path" value="C:\Program Files\Java\jdk1.8.0_74\jre\bin;C:\Windows\Sun\Java\bin;C:\Windows\system32;C:\Windows;C:/Program Files/Java/jdk1.8.0_74/jre/bin/server;C:/Program Files/Java/jdk1.8.0_74/jre/bin;C:/Program Files/Java/jdk1.8.0_74/jre/lib/amd64;C:\app\client\vijda01\product\18.0.0\client_1\bin;C:\Program Files (x86)\Common Files\Oracle\Java\javapath;C:\ProgramData\Oracle\Java\javapath;C:\Program Files (x86)\Java\jdk1.8.0_60\bin;c:\bin;c:\program files (x86)\ca\plex\7.2.1\bin;c:\program files (x86)\ca\sc\cawin\;C:\Windows\system32;C:\Windows;C:\Windows\system32\wbem;C:\Windows\system32\windowspowershell\v1.0\;C:\Windows\system32\windowspowershell\v1.0\;C:\Program Files (x86)\CA\SC\Csam\SockAdapter\bin;C:\Program Files (x86)\CA\SC\Csam\SockAdapter\bin64;c:\program files (x86)\ca\dsm\bin;c:\program files (x86)\ca\sc\cbb\;c:\progra~2\ca\sc\cam\bin;c:\program files\microsoft sql server\110\tools\binn\;c:\program files (x86)\microsoft sdks\typescript\1.0\;c:\program files\microsoft sql server\120\tools\binn\;c:\program files (x86)\hp\unified functional testing\bin;c:\program files\microsoft\web platform installer\;c:\program files (x86)\microsoft asp.net\asp.net web pages\v1.0\;C:\Windows\system32\windowspowershell\v1.0\;c:\program files\microsoft sql server\110\dts\binn\;c:\program files (x86)\microsoft sql server\110\tools\binn\;c:\program files (x86)\microsoft sql server\110\tools\binn\managementstudio\;c:\program files (x86)\microsoft visual studio 10.0\common7\ide\privateassemblies\;c:\program files (x86)\microsoft sql server\110\dts\binn\;C:\Windows\system32\config\systemprofile\.dnx\bin;c:\program files\microsoft dnx\dnvm\;c:\program files (x86)\windows kits\10\windows performance toolkit\;c:\program files (x86)\nodejs\;c:\program files\git\cmd;c:\program files\ibm\gsk8\lib64;c:\program files (x86)\ibm\gsk8\lib;C:\Program Files\IBM\MQ\bin64;C:\Program Files\IBM\MQ\bin;C:\Program Files\IBM\MQ\tools\c\samples\bin64;C:\Program Files\IBM\MQ\tools\c\samples\bin;C:\Program Files (x86)\IBM\Personal Communications\;C:\Program Files (x86)\IBM\Trace Facility\;C:\Program Files (x86)\Google\Google Apps Sync\;C:\Program Files (x86)\Google\Google Apps Migration\;C:\Windows\System32\WindowsPowerShell\v1.0\;C:\Program Files (x86)\CA\Gen85\Gen\;C:\Program Files (x86)\CA\Gen85\Gen\VS100;C:\Program Files (x86)\CA\Gen85\Client\;C:\Program Files (x86)\CA\Gen85\CSE\bin;C:\Program Files (x86)\CA\Gen85\;C:\PROGRA~1\IBM\SQLLIB\BIN;C:\PROGRA~1\IBM\SQLLIB\FUNCTION;C:\PROGRA~1\IBM\SQLLIB\SAMPLES\REPL;C:\Program Files (x86)\CA\Gen86\Gen\;C:\Program Files (x86)\CA\Gen86\Client\;C:\Program Files (x86)\CA\Gen86\CSE\bin;C:\Program Files (x86)\CA\Gen86\;C:\Program Files (x86)\Sennheiser\SoftphoneSDK\;C:\Program Files (x86)\Plantronics\Spokes3G\;C:\Program Files\Amazon\AWSCLI\bin\;C:\Users\VIJDA01\AppData\Roaming\npm;C:\Users\VIJDA01\AppData\Local\GitHubDesktop\bin;C:\Users\VIJDA01\AppData\Roaming\Microsoft\Windows\Start Menu\Programs\Eclipse;;."/>
    <property name="java.vm.info" value="mixed mode"/>
    <property name="java.vendor" value="Oracle Corporation"/>
    <property name="java.vm.version" value="25.74-b02"/>
    <property name="java.ext.dirs" value="C:\Program Files\Java\jdk1.8.0_74\jre\lib\ext;C:\Windows\Sun\Java\lib\ext"/>
    <property name="sun.io.unicode.encoding" value="UnicodeLittle"/>
    <property name="java.class.version" value="52.0"/>
  </properties>
  <testcase name="a" classname="Mygrp.vijtest.AppTest" time="6.548"/>
</testsuite>